
> landing-page@0.1.0 build
> next build

▲ Next.js 16.2.6 (Turbopack)

  Creating an optimized production build ...
✓ Compiled successfully in 21.5s
  Running TypeScript ...
  Finished TypeScript in 13.1s ...
  Collecting page data using 3 workers ...
⚠ Using edge runtime on a page currently disables static generation for that page
  Generating static pages using 3 workers (0/4) ...
⚠ metadataBase property in metadata export is not set for resolving social open graph or twitter images, using "http://localhost:3000". See https://nextjs.org/docs/app/api-reference/functions/generate-metadata#metadatabase
  Generating static pages using 3 workers (1/4) 
  Generating static pages using 3 workers (2/4) 
  Generating static pages using 3 workers (3/4) 
✓ Generating static pages using 3 workers (4/4) in 1210ms
  Finalizing page optimization ...

Route (app)
┌ ○ /
├ ○ /_not-found
├ ƒ /opengraph-image
└ ○ /situationship


○  (Static)   prerendered as static content
ƒ  (Dynamic)  server-rendered on demand

